============================= test session starts ==============================
platform linux -- Python 3.12.11, pytest-8.4.2, pluggy-1.6.0
Using --randomly-seed=425073868
rootdir: /app
configfile: pyproject.toml
plugins: anyio-4.11.0, xdist-3.8.0, asyncio-1.2.0, cov-7.0.0, randomly-4.0.1
asyncio: mode=Mode.STRICT, debug=False, asyncio_default_fixture_loop_scope=function, asyncio_default_test_loop_scope=function
created: 4/4 workers
4 workers [19487 items]

.....................................................................F.. [  0%]
.......s..............s...F............................................. [  0%]
......F........................................................F........ [  1%]
........F...............................F............................... [  1%]
....F...................................F..............F................ [  1%]
..................................F..................................... [  2%]
............F........................................................... [  2%]
..........................F............................................. [  2%]
.F.....s......................................F......................F.. [  3%]
.......F..............................F................................. [  3%]
...........................................F............................ [  4%]
........F...s...................s..........................F............ [  4%]
..........................s.s.........................F................. [  4%]
....................F.....................................F............. [  5%]
........................F............................................... [  5%]
....F................................................................... [  5%]
..........................................F.......F..................... [  6%]
......F.....................F.............F............................. [  6%]
.....................................................F....F...s...FF.... [  7%]
......................F..F.....F...........F...Fs......................F [  7%]
.......F...............................F...............F.....F..F......F [  7%]
.....F..F....F.......................................................... [  8%]
....F......s....F....................................................... [  8%]
........................................................................ [  8%]
........................................................................ [  9%]
........................................................................ [  9%]
........................................................................ [  9%]
........................................................................ [ 10%]
........................................................................ [ 10%]
........................................................................ [ 11%]
........................................................................ [ 11%]
........................................................................ [ 11%]
........................................................................ [ 12%]
........................................................................ [ 12%]
........................................................................ [ 12%]
........................................................................ [ 13%]
........................................................................ [ 13%]
........................................................................ [ 14%]
........................................................................ [ 14%]
........................................................................ [ 14%]
........................................................................ [ 15%]
........................................................................ [ 15%]
........................................................................ [ 15%]
........................................................................ [ 16%]
........................................................................ [ 16%]
........................................................................ [ 16%]
........................................................................ [ 17%]
........................................................................ [ 17%]
........................................................................ [ 18%]
........................................................................ [ 18%]
........................................................................ [ 18%]
........................................................................ [ 19%]
........................................................................ [ 19%]
........................................................................ [ 19%]
........................................................................ [ 20%]
........................................................................ [ 20%]
........................................................................ [ 21%]
........................................................................ [ 21%]
........................................................................ [ 21%]
........................................................................ [ 22%]
....................................................F................... [ 22%]
......s................................F...s............................ [ 22%]
.........F......F..............F...................................FF... [ 23%]
...........s.F............F............................................. [ 23%]
..F..............F.....F....s.F.....F.........................F..F...... [ 24%]
.........................s...................F...............F.......... [ 24%]
.........................F......F............F.F..F..................... [ 24%]
.......FF...F.F......FF..s....FF........................................ [ 25%]
........................................................................ [ 25%]
........................................................................ [ 25%]
........................................................................ [ 26%]
........................................................................ [ 26%]
........................................................................ [ 26%]
........................................................................ [ 27%]
........................................................................ [ 27%]
........................................................................ [ 28%]
........................................................................ [ 28%]
........................................................................ [ 28%]
........................................................................ [ 29%]
........................................................................ [ 29%]
........................................................................ [ 29%]
........................................................................ [ 30%]
........................................................................ [ 30%]
........................................................................ [ 31%]
........................................................................ [ 31%]
........................................................................ [ 31%]
........................................................................ [ 32%]
........................................................................ [ 32%]
........................................................................ [ 32%]
........................................................................ [ 33%]
........................................................................ [ 33%]
........................................................................ [ 33%]
........................................................................ [ 34%]
........................................................................ [ 34%]
........................................................................ [ 35%]
........................................................................ [ 35%]
........................................................................ [ 35%]
........................................................................ [ 36%]
........................................................................ [ 36%]
........................................................................ [ 36%]
........................................................................ [ 37%]
........................................................................ [ 37%]
........................................................................ [ 38%]
........................................................................ [ 38%]
........................................................................ [ 38%]
........................................................................ [ 39%]
........................................................................ [ 39%]
........................................................................ [ 39%]
........................................................................ [ 40%]
........................................................................ [ 40%]
........................................................................ [ 41%]
........................................................................ [ 41%]
..........X.X..........................X..........X..................... [ 41%]
........................................................................ [ 42%]
........................................................................ [ 42%]
........................................................................ [ 42%]
........................................................................ [ 43%]
........................................................................ [ 43%]
........................................................................ [ 43%]
........................................................................ [ 44%]
........................................................................ [ 44%]
........................................................................ [ 45%]
........................................................................ [ 45%]
..............................................................X...X..... [ 45%]
X....X.................................................................. [ 46%]
........................................................................ [ 46%]
........................................................................ [ 46%]
........................................................................ [ 47%]
........................................................................ [ 47%]
........................................................................ [ 48%]
........................................................................ [ 48%]
........................................................................ [ 48%]
........................................................................ [ 49%]
........................................................................ [ 49%]
........................................................................ [ 49%]
........................................................................ [ 50%]
........................................................................ [ 50%]
........................................................................ [ 50%]
........................................................................ [ 51%]
........................................................................ [ 51%]
........................................................................ [ 52%]
........................................................................ [ 52%]
........................................................................ [ 52%]
........................................................................ [ 53%]
........................................................................ [ 53%]
........................................................................ [ 53%]
........................................................................ [ 54%]
........................................................................ [ 54%]
........................................................................ [ 55%]
........................................................................ [ 55%]
........................................................................ [ 55%]
........................................................................ [ 56%]
........................................................................ [ 56%]
........................................................................ [ 56%]
........................................................................ [ 57%]
........................................................................ [ 57%]
........................................................................ [ 58%]
........................................................................ [ 58%]
........................................................................ [ 58%]
........................................................................ [ 59%]
........................................................................ [ 59%]
........................................................................ [ 59%]
........................................................................ [ 60%]
........................................................................ [ 60%]
........................................................................ [ 60%]
........................................................................ [ 61%]
........................................................................ [ 61%]
........................................................................ [ 62%]
........................................................................ [ 62%]
........................................................................ [ 62%]
........................................................................ [ 63%]
........................................................................ [ 63%]
........................................................................ [ 63%]
........................................................................ [ 64%]
........................................................................ [ 64%]
........................................................................ [ 65%]
........................................................................ [ 65%]
........................................................................ [ 65%]
........................................................................ [ 66%]
........................................................................ [ 66%]
........................................................................ [ 66%]
........................................................................ [ 67%]
........................................................................ [ 67%]
........................................................................ [ 67%]
........................................................................ [ 68%]
........................................................................ [ 68%]
........................................................................ [ 69%]
........................................................................ [ 69%]
........................................................................ [ 69%]
........................................................................ [ 70%]
........................................................................ [ 70%]
........................................................................ [ 70%]
........................................................................ [ 71%]
........................................................................ [ 71%]
........................................................................ [ 72%]
........................................................................ [ 72%]
........................................................................ [ 72%]
........................................................................ [ 73%]
........................................................................ [ 73%]
........................................................................ [ 73%]
........................................................................ [ 74%]
........................................................................ [ 74%]
........................................................................ [ 75%]
........................................................................ [ 75%]
........................................................................ [ 75%]
........................................................................ [ 76%]
........................................................................ [ 76%]
........................................................................ [ 76%]
........................................................................ [ 77%]
........................................................................ [ 77%]
........................................................................ [ 77%]
........................................................................ [ 78%]
........................................................................ [ 78%]
........................................................................ [ 79%]
........................................................................ [ 79%]
........................................................................ [ 79%]
........................................................................ [ 80%]
........................................................................ [ 80%]
........................................................................ [ 80%]
........................................................................ [ 81%]
........................................................................ [ 81%]
........................................................................ [ 82%]
........................................................................ [ 82%]
........................................................................ [ 82%]
........................................................................ [ 83%]
........................................................................ [ 83%]
........................................................................ [ 83%]
........................................................................ [ 84%]
........................................................................ [ 84%]
........................................................................ [ 84%]
........................................................................ [ 85%]
........................................................................ [ 85%]
........................................................................ [ 86%]
........................................................................ [ 86%]
........................................................................ [ 86%]
........................................................................ [ 87%]
........................................................................ [ 87%]
........................................................................ [ 87%]
........................................................................ [ 88%]
........................................................................ [ 88%]
........................................................................ [ 89%]
........................................................................ [ 89%]
........................................................................ [ 89%]
........................................................................ [ 90%]
........................................................................ [ 90%]
........................................................................ [ 90%]
........................................................................ [ 91%]
........................................................................ [ 91%]
........................................................................ [ 91%]
........................................................................ [ 92%]
........................................................................ [ 92%]
........................................................................ [ 93%]
........................................................................ [ 93%]
........................................................................ [ 93%]
........................................................................ [ 94%]
........................................................................ [ 94%]
........................................................................ [ 94%]
........................................................................ [ 95%]
........................................................................ [ 95%]
........................................................................ [ 96%]
........................................................................ [ 96%]
........................................................................ [ 96%]
........................................................................ [ 97%]
........................................................................ [ 97%]
........................................................................ [ 97%]
........................................................................ [ 98%]
........................................................................ [ 98%]
........................................................................ [ 99%]
........................................................................ [ 99%]
........................................................................ [ 99%]
...............................................                          [100%]
=================================== FAILURES ===================================
____ test_json_test_data_coverage[mod_spec72-InsertStrategy-InsertStrategy] ____
[gw2] linux -- Python 3.12.11 /home/jules/.pyenv/versions/3.12.11/bin/python3.12

mod_spec = cirq, cirq_obj_name = 'InsertStrategy'
cls = <class 'cirq.circuits.insert_strategy.InsertStrategy'>

    @pytest.mark.parametrize('mod_spec,cirq_obj_name,cls', _list_public_classes_for_tested_modules())
    def test_json_test_data_coverage(mod_spec: ModuleJsonTestSpec, cirq_obj_name: str, cls) -> None:
        if cirq_obj_name in mod_spec.tested_elsewhere:
            pytest.skip("Tested elsewhere.")

        if cirq_obj_name in mod_spec.not_yet_serializable:
            pytest.xfail(reason="Not serializable (yet)")

        test_data_path = mod_spec.test_data_path
        rel_path = test_data_path.relative_to(REPO_ROOT)
        mod_path = mod_spec.name.replace(".", "/")
        rel_resolver_cache_path = f"{mod_path}/json_resolver_cache.py"
        json_path = test_data_path / f'{cirq_obj_name}.json'
        json_path2 = test_data_path / f'{cirq_obj_name}.json_inward'
        deprecation_deadline = mod_spec.deprecated.get(cirq_obj_name)

        if not json_path.exists() and not json_path2.exists():  # pragma: no cover
>           pytest.fail(
                f"Hello intrepid developer. There is a new public or "
                f"serializable object named '{cirq_obj_name}' in the module '{mod_spec.name}' "
                f"that does not have associated test data.\n"
                f"\n"
                f"You must create the file\n"
                f"    {rel_path}/{cirq_obj_name}.json\n"
                f"and the file\n"
                f"    {rel_path}/{cirq_obj_name}.repr\n"
                f"in order to guarantee this public object is, and will "
                f"remain, serializable.\n"
                f"\n"
                f"The content of the .repr file should be the string returned "
                f"by `repr(obj)` where `obj` is a test {cirq_obj_name} value "
                f"or list of such values. To get this to work you may need to "
                f"implement a __repr__ method for {cirq_obj_name}. The repr "
                f"must be a parsable python expression that evaluates to "
                f"something equal to `obj`."
                f"\n"
                f"The content of the .json file should be the string returned "
                f"by `cirq.to_json(obj)` where `obj` is the same object or "
                f"list of test objects.\n"
                f"To get this to work you likely need "
                f"to add {cirq_obj_name} to the "
                f"`_class_resolver_dictionary` method in "
                f"the {rel_resolver_cache_path} source file. "
                f"You may also need to add a _json_dict_ method to "
                f"{cirq_obj_name}. In some cases you will also need to add a "
                f"_from_json_dict_ class method to the {cirq_obj_name} class."
                f"\n"
                f"For more information on JSON serialization, please read the "
                f"docstring for cirq.protocols.SupportsJSON. If this object or "
                f"class is not appropriate for serialization, add its name to "
                f"the `should_not_be_serialized` list in the TestSpec defined in the "
                f"{rel_path}/spec.py source file."
            )
E           Failed: Hello intrepid developer. There is a new public or serializable object named 'InsertStrategy' in the module 'cirq' that does not have associated test data.
E
E           You must create the file
E               cirq-core/cirq/protocols/json_test_data/InsertStrategy.json
E           and the file
E               cirq-core/cirq/protocols/json_test_data/InsertStrategy.repr
E           in order to guarantee this public object is, and will remain, serializable.
E
E           The content of the .repr file should be the string returned by `repr(obj)` where `obj` is a test InsertStrategy value or list of such values. To get this to work you may need to implement a __repr__ method for InsertStrategy. The repr must be a parsable python expression that evaluates to something equal to `obj`.
E           The content of the .json file should be the string returned by `cirq.to_json(obj)` where `obj` is the same object or list of test objects.
E           To get this to work you likely need to add InsertStrategy to the `_class_resolver_dictionary` method in the cirq/json_resolver_cache.py source file. You may also need to add a _json_dict_ method to InsertStrategy. In some cases you will also need to add a _from_json_dict_ class method to the InsertStrategy class.
E           For more information on JSON serialization, please read the docstring for cirq.protocols.SupportsJSON. If this object or class is not appropriate for serialization, add its name to the `should_not_be_serialized` list in the TestSpec defined in the cirq-core/cirq/protocols/json_test_data/spec.py source file.

cirq-core/cirq/protocols/json_serialization_test.py:462: Failed
_ test_json_test_data_coverage[mod_spec116-PauliSumExponential-PauliSumExponential] _
[gw2] linux -- Python 3.12.11 /home/jules/.pyenv/versions/3.12.11/bin/python3.12

mod_spec = cirq, cirq_obj_name = 'PauliSumExponential'
cls = <class 'cirq.ops.pauli_sum_exponential.PauliSumExponential'>

    @pytest.mark.parametrize('mod_spec,cirq_obj_name,cls', _list_public_classes_for_tested_modules())
    def test_json_test_data_coverage(mod_spec: ModuleJsonTestSpec, cirq_obj_name: str, cls) -> None:
        if cirq_obj_name in mod_spec.tested_elsewhere:
            pytest.skip("Tested elsewhere.")

        if cirq_obj_name in mod_spec.not_yet_serializable:
            pytest.xfail(reason="Not serializable (yet)")

        test_data_path = mod_spec.test_data_path
        rel_path = test_data_path.relative_to(REPO_ROOT)
        mod_path = mod_spec.name.replace(".", "/")
        rel_resolver_cache_path = f"{mod_path}/json_resolver_cache.py"
        json_path = test_data_path / f'{cirq_obj_name}.json'
        json_path2 = test_data_path / f'{cirq_obj_name}.json_inward'
        deprecation_deadline = mod_spec.deprecated.get(cirq_obj_name)

        if not json_path.exists() and not json_path2.exists():  # pragma: no cover
>           pytest.fail(
                f"Hello intrepid developer. There is a new public or "
                f"serializable object named '{cirq_obj_name}' in the module '{mod_spec.name}' "
                f"that does not have associated test data.\n"
                f"\n"
                f"You must create the file\n"
                f"    {rel_path}/{cirq_obj_name}.json\n"
                f"and the file\n"
                f"    {rel_path}/{cirq_obj_name}.repr\n"
                f"in order to guarantee this public object is, and will "
                f"remain, serializable.\n"
                f"\n"
                f"The content of the .repr file should be the string returned "
                f"by `repr(obj)` where `obj` is a test {cirq_obj_name} value "
                f"or list of such values. To get this to work you may need to "
                f"implement a __repr__ method for {cirq_obj_name}. The repr "
                f"must be a parsable python expression that evaluates to "
                f"something equal to `obj`."
                f"\n"
                f"The content of the .json file should be the string returned "
                f"by `cirq.to_json(obj)` where `obj` is the same object or "
                f"list of test objects.\n"
                f"To get this to work you likely need "
                f"to add {cirq_obj_name} to the "
                f"`_class_resolver_dictionary` method in "
                f"the {rel_resolver_cache_path} source file. "
                f"You may also need to add a _json_dict_ method to "
                f"{cirq_obj_name}. In some cases you will also need to add a "
                f"_from_json_dict_ class method to the {cirq_obj_name} class."
                f"\n"
                f"For more information on JSON serialization, please read the "
                f"docstring for cirq.protocols.SupportsJSON. If this object or "
                f"class is not appropriate for serialization, add its name to "
                f"the `should_not_be_serialized` list in the TestSpec defined in the "
                f"{rel_path}/spec.py source file."
            )
E           Failed: Hello intrepid developer. There is a new public or serializable object named 'PauliSumExponential' in the module 'cirq' that does not have associated test data.
E
E           You must create the file
E               cirq-core/cirq/protocols/json_test_data/PauliSumExponential.json
E           and the file
E               cirq-core/cirq/protocols/json_test_data/PauliSumExponential.repr
E           in order to guarantee this public object is, and will remain, serializable.
E
E           The content of the .repr file should be the string returned by `repr(obj)` where `obj` is a test PauliSumExponential value or list of such values. To get this to work you may need to implement a __repr__ method for PauliSumExponential. The repr must be a parsable python expression that evaluates to something equal to `obj`.
E           The content of the .json file should be the string returned by `cirq.to_json(obj)` where `obj` is the same object or list of test objects.
E           To get this to work you likely need to add PauliSumExponential to the `_class_resolver_dictionary` method in the cirq/json_resolver_cache.py source file. You may also need to add a _json_dict_ method to PauliSumExponential. In some cases you will also need to add a _from_json_dict_ class method to the PauliSumExponential class.
E           For more information on JSON serialization, please read the docstring for cirq.protocols.SupportsJSON. If this object or class is not appropriate for serialization, add its name to the `should_not_be_serialized` list in the TestSpec defined in the cirq-core/cirq/protocols/json_test_data/spec.py source file.

cirq-core/cirq/protocols/json_serialization_test.py:462: Failed
______ test_type_serialization[mod_spec72-InsertStrategy-InsertStrategy] _______
[gw2] linux -- Python 3.12.11 /home/jules/.pyenv/versions/3.12.11/bin/python3.12

mod_spec = cirq, cirq_obj_name = 'InsertStrategy'
cls = <class 'cirq.circuits.insert_strategy.InsertStrategy'>

    @pytest.mark.parametrize('mod_spec,cirq_obj_name,cls', _list_public_classes_for_tested_modules())
    def test_type_serialization(mod_spec: ModuleJsonTestSpec, cirq_obj_name: str, cls) -> None:
        if cirq_obj_name in mod_spec.tested_elsewhere:
            pytest.skip("Tested elsewhere.")

        if cirq_obj_name in mod_spec.not_yet_serializable:
            pytest.xfail(reason="Not serializable (yet)")

        if cls is None:
            pytest.skip(f'No serialization for None-mapped type: {cirq_obj_name}')  # pragma: no cover

        try:
            typename = cirq.json_cirq_type(cls)
        except ValueError as e:
            pytest.skip(f'No serialization for non-Cirq type: {str(e)}')

        def custom_resolver(name):
            if name == 'SerializableTypeObject':
                return SerializableTypeObject

        sto = SerializableTypeObject(cls)
        test_resolvers = [custom_resolver] + cirq.DEFAULT_RESOLVERS
        expected_json = f'{{\n  "cirq_type": "SerializableTypeObject",\n  "test_type": "{typename}"\n}}'
        assert cirq.to_json(sto) == expected_json
>       assert cirq.read_json(json_text=expected_json, resolvers=test_resolvers) == sto
               ^^^^^^^^^^^^^^^^^^^^^^^^^^^^^^^^^^^^^^^^^^^^^^^^^^^^^^^^^^^^^^^^^

cirq-core/cirq/protocols/json_serialization_test.py:555:
_ _ _ _ _ _ _ _ _ _ _ _ _ _ _ _ _ _ _ _ _ _ _ _ _ _ _ _ _ _ _ _ _ _ _ _ _ _ _ _
cirq-core/cirq/protocols/json_serialization.py:554: in read_json
    return json.loads(json_text, object_hook=obj_hook)
           ^^^^^^^^^^^^^^^^^^^^^^^^^^^^^^^^^^^^^^^^^^^
/home/jules/.pyenv/versions/3.12.11/lib/python3.12/json/__init__.py:359: in loads
    return cls(**kw).decode(s)
           ^^^^^^^^^^^^^^^^^^^
/home/jules/.pyenv/versions/3.12.11/lib/python3.12/json/decoder.py:338: in decode
    obj, end = self.raw_decode(s, idx=_w(s, 0).end())
               ^^^^^^^^^^^^^^^^^^^^^^^^^^^^^^^^^^^^^^
/home/jules/.pyenv/versions/3.12.11/lib/python3.12/json/decoder.py:354: in raw_decode
    obj, end = self.scan_once(s, idx)
               ^^^^^^^^^^^^^^^^^^^^^^
cirq-core/cirq/protocols/json_serialization.py:355: in __call__
    return from_json_dict(**d)
           ^^^^^^^^^^^^^^^^^^^
cirq-core/cirq/protocols/json_serialization_test.py:528: in _from_json_dict_
    return cls(json_serialization.cirq_type_from_json(test_type))
               ^^^^^^^^^^^^^^^^^^^^^^^^^^^^^^^^^^^^^^^^^^^^^^^^^
cirq-core/cirq/protocols/json_serialization.py:453: in cirq_type_from_json
    cirq_type = factory_from_json(type_str, resolvers)
                ^^^^^^^^^^^^^^^^^^^^^^^^^^^^^^^^^^^^^^
_ _ _ _ _ _ _ _ _ _ _ _ _ _ _ _ _ _ _ _ _ _ _ _ _ _ _ _ _ _ _ _ _ _ _ _ _ _ _ _

type_str = 'InsertStrategy'
resolvers = [<function _lazy_resolver.<locals>.json_resolver at 0x7fbca88d6de0>, <function _lazy_resolver.<locals>.json_resolver a...resolver.<locals>.json_resolver at 0x7fbc88377420>, <function _lazy_resolver.<locals>.json_resolver at 0x7fbc89453c40>]

    def factory_from_json(
        type_str: str, resolvers: Sequence[JsonResolver] | None = None
    ) -> ObjectFactory:
        """Returns a factory for constructing objects of type `type_str`.

        DEFAULT_RESOLVERS is updated dynamically as cirq submodules are imported.

        Args:
            type_str: string representation of the type to deserialize.
            resolvers: list of JsonResolvers to use in type resolution. If this is
                left blank, DEFAULT_RESOLVERS will be used.

        Returns:
            An ObjectFactory that can be called to construct an object whose type
            matches the name `type_str`.

        Raises:
            ValueError: if type_str does not have a match in `resolvers`.
        """
        resolvers = resolvers if resolvers is not None else DEFAULT_RESOLVERS
        for resolver in resolvers:
            cirq_type = resolver(type_str)
            if cirq_type is not None:
                return cirq_type
>       raise ValueError(f"Could not resolve type '{type_str}' during deserialization")
E       ValueError: Could not resolve type 'InsertStrategy' during deserialization

cirq-core/cirq/protocols/json_serialization.py:431: ValueError
_ test_json_test_data_coverage[mod_spec29-CircuitDiagramInfoArgs-CircuitDiagramInfoArgs] _
[gw2] linux -- Python 3.12.11 /home/jules/.pyenv/versions/3.12.11/bin/python3.12

mod_spec = cirq, cirq_obj_name = 'CircuitDiagramInfoArgs'
cls = <class 'cirq.protocols.circuit_diagram_info_protocol.CircuitDiagramInfoArgs'>

    @pytest.mark.parametrize('mod_spec,cirq_obj_name,cls', _list_public_classes_for_tested_modules())
    def test_json_test_data_coverage(mod_spec: ModuleJsonTestSpec, cirq_obj_name: str, cls) -> None:
        if cirq_obj_name in mod_spec.tested_elsewhere:
            pytest.skip("Tested elsewhere.")

        if cirq_obj_name in mod_spec.not_yet_serializable:
            pytest.xfail(reason="Not serializable (yet)")

        test_data_path = mod_spec.test_data_path
        rel_path = test_data_path.relative_to(REPO_ROOT)
        mod_path = mod_spec.name.replace(".", "/")
        rel_resolver_cache_path = f"{mod_path}/json_resolver_cache.py"
        json_path = test_data_path / f'{cirq_obj_name}.json'
        json_path2 = test_data_path / f'{cirq_obj_name}.json_inward'
        deprecation_deadline = mod_spec.deprecated.get(cirq_obj_name)

        if not json_path.exists() and not json_path2.exists():  # pragma: no cover
>           pytest.fail(
                f"Hello intrepid developer. There is a new public or "
                f"serializable object named '{cirq_obj_name}' in the module '{mod_spec.name}' "
                f"that does not have associated test data.\n"
                f"\n"
                f"You must create the file\n"
                f"    {rel_path}/{cirq_obj_name}.json\n"
                f"and the file\n"
                f"    {rel_path}/{cirq_obj_name}.repr\n"
                f"in order to guarantee this public object is, and will "
                f"remain, serializable.\n"
                f"\n"
                f"The content of the .repr file should be the string returned "
                f"by `repr(obj)` where `obj` is a test {cirq_obj_name} value "
                f"or list of such values. To get this to work you may need to "
                f"implement a __repr__ method for {cirq_obj_name}. The repr "
                f"must be a parsable python expression that evaluates to "
                f"something equal to `obj`."
                f"\n"
                f"The content of the .json file should be the string returned "
                f"by `cirq.to_json(obj)` where `obj` is the same object or "
                f"list of test objects.\n"
                f"To get this to work you likely need "
                f"to add {cirq_obj_name} to the "
                f"`_class_resolver_dictionary` method in "
                f"the {rel_resolver_cache_path} source file. "
                f"You may also need to add a _json_dict_ method to "
                f"{cirq_obj_name}. In some cases you will also need to add a "
                f"_from_json_dict_ class method to the {cirq_obj_name} class."
                f"\n"
                f"For more information on JSON serialization, please read the "
                f"docstring for cirq.protocols.SupportsJSON. If this object or "
                f"class is not appropriate for serialization, add its name to "
                f"the `should_not_be_serialized` list in the TestSpec defined in the "
                f"{rel_path}/spec.py source file."
            )
E           Failed: Hello intrepid developer. There is a new public or serializable object named 'CircuitDiagramInfoArgs' in the module 'cirq' that does not have associated test data.
E
E           You must create the file
E               cirq-core/cirq/protocols/json_test_data/CircuitDiagramInfoArgs.json
E           and the file
E               cirq-core/cirq/protocols/json_test_data/CircuitDiagramInfoArgs.repr
E           in order to guarantee this public object is, and will remain, serializable.
E
E           The content of the .repr file should be the string returned by `repr(obj)` where `obj` is a test CircuitDiagramInfoArgs value or list of such values. To get this to work you may need to implement a __repr__ method for CircuitDiagramInfoArgs. The repr must be a parsable python expression that evaluates to something equal to `obj`.
E           The content of the .json file should be the string returned by `cirq.to_json(obj)` where `obj` is the same object or list of test objects.
E           To get this to work you likely need to add CircuitDiagramInfoArgs to the `_class_resolver_dictionary` method in the cirq/json_resolver_cache.py source file. You may also need to add a _json_dict_ method to CircuitDiagramInfoArgs. In some cases you will also need to add a _from_json_dict_ class method to the CircuitDiagramInfoArgs class.
E           For more information on JSON serialization, please read the docstring for cirq.protocols.SupportsJSON. If this object or class is not appropriate for serialization, add its name to the `should_not_be_serialized` list in the TestSpec defined in the cirq-core/cirq/protocols/json_test_data/spec.py source file.

cirq-core/cirq/protocols/json_serialization_test.py:462: Failed
_ test_json_test_data_coverage[mod_spec5-AxisAngleDecomposition-AxisAngleDecomposition] _
[gw2] linux -- Python 3.12.11 /home/jules/.pyenv/versions/3.12.11/bin/python3.12

mod_spec = cirq, cirq_obj_name = 'AxisAngleDecomposition'
cls = <class 'cirq.linalg.decompositions.AxisAngleDecomposition'>

    @pytest.mark.parametrize('mod_spec,cirq_obj_name,cls', _list_public_classes_for_tested_modules())
    def test_json_test_data_coverage(mod_spec: ModuleJsonTestSpec, cirq_obj_name: str, cls) -> None:
        if cirq_obj_name in mod_spec.tested_elsewhere:
            pytest.skip("Tested elsewhere.")

        if cirq_obj_name in mod_spec.not_yet_serializable:
            pytest.xfail(reason="Not serializable (yet)")

        test_data_path = mod_spec.test_data_path
        rel_path = test_data_path.relative_to(REPO_ROOT)
        mod_path = mod_spec.name.replace(".", "/")
        rel_resolver_cache_path = f"{mod_path}/json_resolver_cache.py"
        json_path = test_data_path / f'{cirq_obj_name}.json'
        json_path2 = test_data_path / f'{cirq_obj_name}.json_inward'
        deprecation_deadline = mod_spec.deprecated.get(cirq_obj_name)

        if not json_path.exists() and not json_path2.exists():  # pragma: no cover
>           pytest.fail(
                f"Hello intrepid developer. There is a new public or "
                f"serializable object named '{cirq_obj_name}' in the module '{mod_spec.name}' "
                f"that does not have associated test data.\n"
                f"\n"
                f"You must create the file\n"
                f"    {rel_path}/{cirq_obj_name}.json\n"
                f"and the file\n"
                f"    {rel_path}/{cirq_obj_name}.repr\n"
                f"in order to guarantee this public object is, and will "
                f"remain, serializable.\n"
                f"\n"
                f"The content of the .repr file should be the string returned "
                f"by `repr(obj)` where `obj` is a test {cirq_obj_name} value "
                f"or list of such values. To get this to work you may need to "
                f"implement a __repr__ method for {cirq_obj_name}. The repr "
                f"must be a parsable python expression that evaluates to "
                f"something equal to `obj`."
                f"\n"
                f"The content of the .json file should be the string returned "
                f"by `cirq.to_json(obj)` where `obj` is the same object or "
                f"list of test objects.\n"
                f"To get this to work you likely need "
                f"to add {cirq_obj_name} to the "
                f"`_class_resolver_dictionary` method in "
                f"the {rel_resolver_cache_path} source file. "
                f"You may also need to add a _json_dict_ method to "
                f"{cirq_obj_name}. In some cases you will also need to add a "
                f"_from_json_dict_ class method to the {cirq_obj_name} class."
                f"\n"
                f"For more information on JSON serialization, please read the "
                f"docstring for cirq.protocols.SupportsJSON. If this object or "
                f"class is not appropriate for serialization, add its name to "
                f"the `should_not_be_serialized` list in the TestSpec defined in the "
                f"{rel_path}/spec.py source file."
            )
E           Failed: Hello intrepid developer. There is a new public or serializable object named 'AxisAngleDecomposition' in the module 'cirq' that does not have associated test data.
E
E           You must create the file
E               cirq-core/cirq/protocols/json_test_data/AxisAngleDecomposition.json
E           and the file
E               cirq-core/cirq/protocols/json_test_data/AxisAngleDecomposition.repr
E           in order to guarantee this public object is, and will remain, serializable.
E
E           The content of the .repr file should be the string returned by `repr(obj)` where `obj` is a test AxisAngleDecomposition value or list of such values. To get this to work you may need to implement a __repr__ method for AxisAngleDecomposition. The repr must be a parsable python expression that evaluates to something equal to `obj`.
E           The content of the .json file should be the string returned by `cirq.to_json(obj)` where `obj` is the same object or list of test objects.
E           To get this to work you likely need to add AxisAngleDecomposition to the `_class_resolver_dictionary` method in the cirq/json_resolver_cache.py source file. You may also need to add a _json_dict_ method to AxisAngleDecomposition. In some cases you will also need to add a _from_json_dict_ class method to the AxisAngleDecomposition class.
E           For more information on JSON serialization, please read the docstring for cirq.protocols.SupportsJSON. If this object or class is not appropriate for serialization, add its name to the `should_not_be_serialized` list in the TestSpec defined in the cirq-core/cirq/protocols/json_test_data/spec.py source file.

cirq-core/cirq/protocols/json_serialization_test.py:462: Failed
_ test_type_serialization[mod_spec281-IonQSerializerMixedGatesetsException-IonQSerializerMixedGatesetsException] _
[gw2] linux -- Python 3.12.11 /home/jules/.pyenv/versions/3.12.11/bin/python3.12

mod_spec = cirq_ionq, cirq_obj_name = 'IonQSerializerMixedGatesetsException'
cls = <class 'cirq_ionq.ionq_exceptions.IonQSerializerMixedGatesetsException'>

    @pytest.mark.parametrize('mod_spec,cirq_obj_name,cls', _list_public_classes_for_tested_modules())
    def test_type_serialization(mod_spec: ModuleJsonTestSpec, cirq_obj_name: str, cls) -> None:
        if cirq_obj_name in mod_spec.tested_elsewhere:
            pytest.skip("Tested elsewhere.")

        if cirq_obj_name in mod_spec.not_yet_serializable:
            pytest.xfail(reason="Not serializable (yet)")

        if cls is None:
            pytest.skip(f'No serialization for None-mapped type: {cirq_obj_name}')  # pragma: no cover

        try:
            typename = cirq.json_cirq_type(cls)
        except ValueError as e:
            pytest.skip(f'No serialization for non-Cirq type: {str(e)}')

        def custom_resolver(name):
            if name == 'SerializableTypeObject':
                return SerializableTypeObject

        sto = SerializableTypeObject(cls)
        test_resolvers = [custom_resolver] + cirq.DEFAULT_RESOLVERS
        expected_json = f'{{\n  "cirq_type": "SerializableTypeObject",\n  "test_type": "{typename}"\n}}'
        assert cirq.to_json(sto) == expected_json
>       assert cirq.read_json(json_text=expected_json, resolvers=test_resolvers) == sto
               ^^^^^^^^^^^^^^^^^^^^^^^^^^^^^^^^^^^^^^^^^^^^^^^^^^^^^^^^^^^^^^^^^

cirq-core/cirq/protocols/json_serialization_test.py:555:
_ _ _ _ _ _ _ _ _ _ _ _ _ _ _ _ _ _ _ _ _ _ _ _ _ _ _ _ _ _ _ _ _ _ _ _ _ _ _ _
cirq-core/cirq/protocols/json_serialization.py:554: in read_json
    return json.loads(json_text, object_hook=obj_hook)
           ^^^^^^^^^^^^^^^^^^^^^^^^^^^^^^^^^^^^^^^^^^^
/home/jules/.pyenv/versions/3.12.11/lib/python3.12/json/__init__.py:359: in loads
    return cls(**kw).decode(s)
           ^^^^^^^^^^^^^^^^^^^
/home/jules/.pyenv/versions/3.12.11/lib/python3.12/json/decoder.py:338: in decode
    obj, end = self.raw_decode(s, idx=_w(s, 0).end())
               ^^^^^^^^^^^^^^^^^^^^^^^^^^^^^^^^^^^^^^
/home/jules/.pyenv/versions/3.12.11/lib/python3.12/json/decoder.py:354: in raw_decode
    obj, end = self.scan_once(s, idx)
               ^^^^^^^^^^^^^^^^^^^^^^
cirq-core/cirq/protocols/json_serialization.py:355: in __call__
    return from_json_dict(**d)
           ^^^^^^^^^^^^^^^^^^^
cirq-core/cirq/protocols/json_serialization_test.py:528: in _from_json_dict_
    return cls(json_serialization.cirq_type_from_json(test_type))
               ^^^^^^^^^^^^^^^^^^^^^^^^^^^^^^^^^^^^^^^^^^^^^^^^^
cirq-core/cirq/protocols/json_serialization.py:453: in cirq_type_from_json
    cirq_type = factory_from_json(type_str, resolvers)
                ^^^^^^^^^^^^^^^^^^^^^^^^^^^^^^^^^^^^^^
_ _ _ _ _ _ _ _ _ _ _ _ _ _ _ _ _ _ _ _ _ _ _ _ _ _ _ _ _ _ _ _ _ _ _ _ _ _ _ _

type_str = 'IonQSerializerMixedGatesetsException'
resolvers = [<function _lazy_resolver.<locals>.json_resolver at 0x7fbca88d6de0>, <function _lazy_resolver.<locals>.json_resolver a...resolver.<locals>.json_resolver at 0x7fbc88377420>, <function _lazy_resolver.<locals>.json_resolver at 0x7fbc89453c40>]

    def factory_from_json(
        type_str: str, resolvers: Sequence[JsonResolver] | None = None
    ) -> ObjectFactory:
        """Returns a factory for constructing objects of type `type_str`.

        DEFAULT_RESOLVERS is updated dynamically as cirq submodules are imported.

        Args:
            type_str: string representation of the type to deserialize.
            resolvers: list of JsonResolvers to use in type resolution. If this is
                left blank, DEFAULT_RESOLVERS will be used.

        Returns:
            An ObjectFactory that can be called to construct an object whose type
            matches the name `type_str`.

        Raises:
            ValueError: if type_str does not have a match in `resolvers`.
        """
        resolvers = resolvers if resolvers is not None else DEFAULT_RESOLVERS
        for resolver in resolvers:
            cirq_type = resolver(type_str)
            if cirq_type is not None:
                return cirq_type
>       raise ValueError(f"Could not resolve type '{type_str}' during deserialization")
E       ValueError: Could not resolve type 'IonQSerializerMixedGatesetsException' during deserialization

cirq-core/cirq/protocols/json_serialization.py:431: ValueError
_________ test_type_serialization[mod_spec274-Calibration-Calibration] _________
[gw2] linux -- Python 3.12.11 /home/jules/.pyenv/versions/3.12.11/bin/python3.12

mod_spec = cirq_ionq, cirq_obj_name = 'Calibration'
cls = <class 'cirq_ionq.calibration.Calibration'>

    @pytest.mark.parametrize('mod_spec,cirq_obj_name,cls', _list_public_classes_for_tested_modules())
    def test_type_serialization(mod_spec: ModuleJsonTestSpec, cirq_obj_name: str, cls) -> None:
        if cirq_obj_name in mod_spec.tested_elsewhere:
            pytest.skip("Tested elsewhere.")

        if cirq_obj_name in mod_spec.not_yet_serializable:
            pytest.xfail(reason="Not serializable (yet)")

        if cls is None:
            pytest.skip(f'No serialization for None-mapped type: {cirq_obj_name}')  # pragma: no cover

        try:
            typename = cirq.json_cirq_type(cls)
        except ValueError as e:
            pytest.skip(f'No serialization for non-Cirq type: {str(e)}')

        def custom_resolver(name):
            if name == 'SerializableTypeObject':
                return SerializableTypeObject

        sto = SerializableTypeObject(cls)
        test_resolvers = [custom_resolver] + cirq.DEFAULT_RESOLVERS
        expected_json = f'{{\n  "cirq_type": "SerializableTypeObject",\n  "test_type": "{typename}"\n}}'
        assert cirq.to_json(sto) == expected_json
>       assert cirq.read_json(json_text=expected_json, resolvers=test_resolvers) == sto
E       AssertionError: assert SerializableT...Calibration'>) == SerializableT...Calibration'>)
E
E         Differing attributes:
E         ['test_type']
E
E         Drill down into differing attribute test_type:
E           test_type: <class 'cirq_google.engine.calibration.Calibration'> != <class 'cirq_ionq.calibration.Calibration'>

cirq-core/cirq/protocols/json_serialization_test.py:555: AssertionError
_________ test_json_test_data_coverage[mod_spec0-Alignment-Alignment] __________
[gw2] linux -- Python 3.12.11 /home/jules/.pyenv/versions/3.12.11/bin/python3.12

mod_spec = cirq, cirq_obj_name = 'Alignment', cls = <enum 'Alignment'>

    @pytest.mark.parametrize('mod_spec,cirq_obj_name,cls', _list_public_classes_for_tested_modules())
    def test_json_test_data_coverage(mod_spec: ModuleJsonTestSpec, cirq_obj_name: str, cls) -> None:
        if cirq_obj_name in mod_spec.tested_elsewhere:
            pytest.skip("Tested elsewhere.")

        if cirq_obj_name in mod_spec.not_yet_serializable:
            pytest.xfail(reason="Not serializable (yet)")

        test_data_path = mod_spec.test_data_path
        rel_path = test_data_path.relative_to(REPO_ROOT)
        mod_path = mod_spec.name.replace(".", "/")
        rel_resolver_cache_path = f"{mod_path}/json_resolver_cache.py"
        json_path = test_data_path / f'{cirq_obj_name}.json'
        json_path2 = test_data_path / f'{cirq_obj_name}.json_inward'
        deprecation_deadline = mod_spec.deprecated.get(cirq_obj_name)

        if not json_path.exists() and not json_path2.exists():  # pragma: no cover
>           pytest.fail(
                f"Hello intrepid developer. There is a new public or "
                f"serializable object named '{cirq_obj_name}' in the module '{mod_spec.name}' "
                f"that does not have associated test data.\n"
                f"\n"
                f"You must create the file\n"
                f"    {rel_path}/{cirq_obj_name}.json\n"
                f"and the file\n"
                f"    {rel_path}/{cirq_obj_name}.repr\n"
                f"in order to guarantee this public object is, and will "
                f"remain, serializable.\n"
                f"\n"
                f"The content of the .repr file should be the string returned "
                f"by `repr(obj)` where `obj` is a test {cirq_obj_name} value "
                f"or list of such values. To get this to work you may need to "
                f"implement a __repr__ method for {cirq_obj_name}. The repr "
                f"must be a parsable python expression that evaluates to "
                f"something equal to `obj`."
                f"\n"
                f"The content of the .json file should be the string returned "
                f"by `cirq.to_json(obj)` where `obj` is the same object or "
                f"list of test objects.\n"
                f"To get this to work you likely need "
                f"to add {cirq_obj_name} to the "
                f"`_class_resolver_dictionary` method in "
                f"the {rel_resolver_cache_path} source file. "
                f"You may also need to add a _json_dict_ method to "
                f"{cirq_obj_name}. In some cases you will also need to add a "
                f"_from_json_dict_ class method to the {cirq_obj_name} class."
                f"\n"
                f"For more information on JSON serialization, please read the "
                f"docstring for cirq.protocols.SupportsJSON. If this object or "
                f"class is not appropriate for serialization, add its name to "
                f"the `should_not_be_serialized` list in the TestSpec defined in the "
                f"{rel_path}/spec.py source file."
            )
E           Failed: Hello intrepid developer. There is a new public or serializable object named 'Alignment' in the module 'cirq' that does not have associated test data.
E
E           You must create the file
E               cirq-core/cirq/protocols/json_test_data/Alignment.json
E           and the file
E               cirq-core/cirq/protocols/json_test_data/Alignment.repr
E           in order to guarantee this public object is, and will remain, serializable.
E
E           The content of the .repr file should be the string returned by `repr(obj)` where `obj` is a test Alignment value or list of such values. To get this to work you may need to implement a __repr__ method for Alignment. The repr must be a parsable python expression that evaluates to something equal to `obj`.
E           The content of the .json file should be the string returned by `cirq.to_json(obj)` where `obj` is the same object or list of test objects.
E           To get this to work you likely need to add Alignment to the `_class_resolver_dictionary` method in the cirq/json_resolver_cache.py source file. You may also need to add a _json_dict_ method to Alignment. In some cases you will also need to add a _from_json_dict_ class method to the Alignment class.
E           For more information on JSON serialization, please read the docstring for cirq.protocols.SupportsJSON. If this object or class is not appropriate for serialization, add its name to the `should_not_be_serialized` list in the TestSpec defined in the cirq-core/cirq/protocols/json_test_data/spec.py source file.

cirq-core/cirq/protocols/json_serialization_test.py:462: Failed
_ test_type_serialization[mod_spec280-IonQNotFoundException-IonQNotFoundException] _
[gw2] linux -- Python 3.12.11 /home/jules/.pyenv/versions/3.12.11/bin/python3.12

mod_spec = cirq_ionq, cirq_obj_name = 'IonQNotFoundException'
cls = <class 'cirq_ionq.ionq_exceptions.IonQNotFoundException'>

    @pytest.mark.parametrize('mod_spec,cirq_obj_name,cls', _list_public_classes_for_tested_modules())
    def test_type_serialization(mod_spec: ModuleJsonTestSpec, cirq_obj_name: str, cls) -> None:
        if cirq_obj_name in mod_spec.tested_elsewhere:
            pytest.skip("Tested elsewhere.")

        if cirq_obj_name in mod_spec.not_yet_serializable:
            pytest.xfail(reason="Not serializable (yet)")

        if cls is None:
            pytest.skip(f'No serialization for None-mapped type: {cirq_obj_name}')  # pragma: no cover

        try:
            typename = cirq.json_cirq_type(cls)
        except ValueError as e:
            pytest.skip(f'No serialization for non-Cirq type: {str(e)}')

        def custom_resolver(name):
            if name == 'SerializableTypeObject':
                return SerializableTypeObject

        sto = SerializableTypeObject(cls)
        test_resolvers = [custom_resolver] + cirq.DEFAULT_RESOLVERS
        expected_json = f'{{\n  "cirq_type": "SerializableTypeObject",\n  "test_type": "{typename}"\n}}'
        assert cirq.to_json(sto) == expected_json
>       assert cirq.read_json(json_text=expected_json, resolvers=test_resolvers) == sto
               ^^^^^^^^^^^^^^^^^^^^^^^^^^^^^^^^^^^^^^^^^^^^^^^^^^^^^^^^^^^^^^^^^

cirq-core/cirq/protocols/json_serialization_test.py:555:
_ _ _ _ _ _ _ _ _ _ _ _ _ _ _ _ _ _ _ _ _ _ _ _ _ _ _ _ _ _ _ _ _ _ _ _ _ _ _ _
cirq-core/cirq/protocols/json_serialization.py:554: in read_json
    return json.loads(json_text, object_hook=obj_hook)
           ^^^^^^^^^^^^^^^^^^^^^^^^^^^^^^^^^^^^^^^^^^^
/home/jules/.pyenv/versions/3.12.11/lib/python3.12/json/__init__.py:359: in loads
    return cls(**kw).decode(s)
           ^^^^^^^^^^^^^^^^^^^
/home/jules/.pyenv/versions/3.12.11/lib/python3.12/json/decoder.py:338: in decode
    obj, end = self.raw_decode(s, idx=_w(s, 0).end())
               ^^^^^^^^^^^^^^^^^^^^^^^^^^^^^^^^^^^^^^
/home/jules/.pyenv/versions/3.12.11/lib/python3.12/json/decoder.py:354: in raw_decode
    obj, end = self.scan_once(s, idx)
               ^^^^^^^^^^^^^^^^^^^^^^
cirq-core/cirq/protocols/json_serialization.py:355: in __call__
    return from_json_dict(**d)
           ^^^^^^^^^^^^^^^^^^^
cirq-core/cirq/protocols/json_serialization_test.py:528: in _from_json_dict_
    return cls(json_serialization.cirq_type_from_json(test_type))
               ^^^^^^^^^^^^^^^^^^^^^^^^^^^^^^^^^^^^^^^^^^^^^^^^^
cirq-core/cirq/protocols/json_serialization.py:453: in cirq_type_from_json
    cirq_type = factory_from_json(type_str, resolvers)
                ^^^^^^^^^^^^^^^^^^^^^^^^^^^^^^^^^^^^^^
_ _ _ _ _ _ _ _ _ _ _ _ _ _ _ _ _ _ _ _ _ _ _ _ _ _ _ _ _ _ _ _ _ _ _ _ _ _ _ _

type_str = 'IonQNotFoundException'
resolvers = [<function _lazy_resolver.<locals>.json_resolver at 0x7fbca88d6de0>, <function _lazy_resolver.<locals>.json_resolver a...resolver.<locals>.json_resolver at 0x7fbc88377420>, <function _lazy_resolver.<locals>.json_resolver at 0x7fbc89453c40>]

    def factory_from_json(
        type_str: str, resolvers: Sequence[JsonResolver] | None = None
    ) -> ObjectFactory:
        """Returns a factory for constructing objects of type `type_str`.

        DEFAULT_RESOLVERS is updated dynamically as cirq submodules are imported.

        Args:
            type_str: string representation of the type to deserialize.
            resolvers: list of JsonResolvers to use in type resolution. If this is
                left blank, DEFAULT_RESOLVERS will be used.

        Returns:
            An ObjectFactory that can be called to construct an object whose type
            matches the name `type_str`.

        Raises:
            ValueError: if type_str does not have a match in `resolvers`.
        """
        resolvers = resolvers if resolvers is not None else DEFAULT_RESOLVERS
        for resolver in resolvers:
            cirq_type = resolver(type_str)
            if cirq_type is not None:
                return cirq_type
>       raise ValueError(f"Could not resolve type '{type_str}' during deserialization")
E       ValueError: Could not resolve type 'IonQNotFoundException' during deserialization

cirq-core/cirq/protocols/json_serialization.py:431: ValueError
___ test_type_serialization[mod_spec171-TextDiagramDrawer-TextDiagramDrawer] ___
[gw2] linux -- Python 3.12.11 /home/jules/.pyenv/versions/3.12.11/bin/python3.12

mod_spec = cirq, cirq_obj_name = 'TextDiagramDrawer'
cls = <class 'cirq.circuits.text_diagram_drawer.TextDiagramDrawer'>

    @pytest.mark.parametrize('mod_spec,cirq_obj_name,cls', _list_public_classes_for_tested_modules())
    def test_type_serialization(mod_spec: ModuleJsonTestSpec, cirq_obj_name: str, cls) -> None:
        if cirq_obj_name in mod_spec.tested_elsewhere:
            pytest.skip("Tested elsewhere.")

        if cirq_obj_name in mod_spec.not_yet_serializable:
            pytest.xfail(reason="Not serializable (yet)")

        if cls is None:
            pytest.skip(f'No serialization for None-mapped type: {cirq_obj_name}')  # pragma: no cover

        try:
            typename = cirq.json_cirq_type(cls)
        except ValueError as e:
            pytest.skip(f'No serialization for non-Cirq type: {str(e)}')

        def custom_resolver(name):
            if name == 'SerializableTypeObject':
                return SerializableTypeObject

        sto = SerializableTypeObject(cls)
        test_resolvers = [custom_resolver] + cirq.DEFAULT_RESOLVERS
        expected_json = f'{{\n  "cirq_type": "SerializableTypeObject",\n  "test_type": "{typename}"\n}}'
        assert cirq.to_json(sto) == expected_json
>       assert cirq.read_json(json_text=expected_json, resolvers=test_resolvers) == sto
               ^^^^^^^^^^^^^^^^^^^^^^^^^^^^^^^^^^^^^^^^^^^^^^^^^^^^^^^^^^^^^^^^^

cirq-core/cirq/protocols/json_serialization_test.py:555:
_ _ _ _ _ _ _ _ _ _ _ _ _ _ _ _ _ _ _ _ _ _ _ _ _ _ _ _ _ _ _ _ _ _ _ _ _ _ _ _
cirq-core/cirq/protocols/json_serialization.py:554: in read_json
    return json.loads(json_text, object_hook=obj_hook)
           ^^^^^^^^^^^^^^^^^^^^^^^^^^^^^^^^^^^^^^^^^^^
/home/jules/.pyenv/versions/3.12.11/lib/python3.12/json/__init__.py:359: in loads
    return cls(**kw).decode(s)
           ^^^^^^^^^^^^^^^^^^^
/home/jules/.pyenv/versions/3.12.11/lib/python3.12/json/decoder.py:338: in decode
    obj, end = self.raw_decode(s, idx=_w(s, 0).end())
               ^^^^^^^^^^^^^^^^^^^^^^^^^^^^^^^^^^^^^^
/home/jules/.pyenv/versions/3.12.11/lib/python3.12/json/decoder.py:354: in raw_decode
    obj, end = self.scan_once(s, idx)
               ^^^^^^^^^^^^^^^^^^^^^^
cirq-core/cirq/protocols/json_serialization.py:355: in __call__
    return from_json_dict(**d)
           ^^^^^^^^^^^^^^^^^^^
cirq-core/cirq/protocols/json_serialization_test.py:528: in _from_json_dict_
    return cls(json_serialization.cirq_type_from_json(test_type))
               ^^^^^^^^^^^^^^^^^^^^^^^^^^^^^^^^^^^^^^^^^^^^^^^^^
cirq-core/cirq/protocols/json_serialization.py:453: in cirq_type_from_json
    cirq_type = factory_from_json(type_str, resolvers)
                ^^^^^^^^^^^^^^^^^^^^^^^^^^^^^^^^^^^^^^
_ _ _ _ _ _ _ _ _ _ _ _ _ _ _ _ _ _ _ _ _ _ _ _ _ _ _ _ _ _ _ _ _ _ _ _ _ _ _ _

type_str = 'TextDiagramDrawer'
resolvers = [<function _lazy_resolver.<locals>.json_resolver at 0x7fbca88d6de0>, <function _lazy_resolver.<locals>.json_resolver a...resolver.<locals>.json_resolver at 0x7fbc88377420>, <function _lazy_resolver.<locals>.json_resolver at 0x7fbc89453c40>]

    def factory_from_json(
        type_str: str, resolvers: Sequence[JsonResolver] | None = None
    ) -> ObjectFactory:
        """Returns a factory for constructing objects of type `type_str`.

        DEFAULT_RESOLVERS is updated dynamically as cirq submodules are imported.

        Args:
            type_str: string representation of the type to deserialize.
            resolvers: list of JsonResolvers to use in type resolution. If this is
                left blank, DEFAULT_RESOLVERS will be used.

        Returns:
            An ObjectFactory that can be called to construct an object whose type
            matches the name `type_str`.

        Raises:
            ValueError: if type_str does not have a match in `resolvers`.
        """
        resolvers = resolvers if resolvers is not None else DEFAULT_RESOLVERS
        for resolver in resolvers:
            cirq_type = resolver(type_str)
            if cirq_type is not None:
                return cirq_type
>       raise ValueError(f"Could not resolve type '{type_str}' during deserialization")
E       ValueError: Could not resolve type 'TextDiagramDrawer' during deserialization

cirq-core/cirq/protocols/json_serialization.py:431: ValueError
____ test_json_test_data_coverage[mod_spec279-IonQException-IonQException] _____
[gw2] linux -- Python 3.12.11 /home/jules/.pyenv/versions/3.12.11/bin/python3.12

mod_spec = cirq_ionq, cirq_obj_name = 'IonQException'
cls = <class 'cirq_ionq.ionq_exceptions.IonQException'>

    @pytest.mark.parametrize('mod_spec,cirq_obj_name,cls', _list_public_classes_for_tested_modules())
    def test_json_test_data_coverage(mod_spec: ModuleJsonTestSpec, cirq_obj_name: str, cls) -> None:
        if cirq_obj_name in mod_spec.tested_elsewhere:
            pytest.skip("Tested elsewhere.")

        if cirq_obj_name in mod_spec.not_yet_serializable:
            pytest.xfail(reason="Not serializable (yet)")

        test_data_path = mod_spec.test_data_path
        rel_path = test_data_path.relative_to(REPO_ROOT)
        mod_path = mod_spec.name.replace(".", "/")
        rel_resolver_cache_path = f"{mod_path}/json_resolver_cache.py"
        json_path = test_data_path / f'{cirq_obj_name}.json'
        json_path2 = test_data_path / f'{cirq_obj_name}.json_inward'
        deprecation_deadline = mod_spec.deprecated.get(cirq_obj_name)

        if not json_path.exists() and not json_path2.exists():  # pragma: no cover
>           pytest.fail(
                f"Hello intrepid developer. There is a new public or "
                f"serializable object named '{cirq_obj_name}' in the module '{mod_spec.name}' "
                f"that does not have associated test data.\n"
                f"\n"
                f"You must create the file\n"
                f"    {rel_path}/{cirq_obj_name}.json\n"
                f"and the file\n"
                f"    {rel_path}/{cirq_obj_name}.repr\n"
                f"in order to guarantee this public object is, and will "
                f"remain, serializable.\n"
                f"\n"
                f"The content of the .repr file should be the string returned "
                f"by `repr(obj)` where `obj` is a test {cirq_obj_name} value "
                f"or list of such values. To get this to work you may need to "
                f"implement a __repr__ method for {cirq_obj_name}. The repr "
                f"must be a parsable python expression that evaluates to "
                f"something equal to `obj`."
                f"\n"
                f"The content of the .json file should be the string returned "
                f"by `cirq.to_json(obj)` where `obj` is the same object or "
                f"list of test objects.\n"
                f"To get this to work you likely need "
                f"to add {cirq_obj_name} to the "
                f"`_class_resolver_dictionary` method in "
                f"the {rel_resolver_cache_path} source file. "
                f"You may also need to add a _json_dict_ method to "
                f"{cirq_obj_name}. In some cases you will also need to add a "
                f"_from_json_dict_ class method to the {cirq_obj_name} class."
                f"\n"
                f"For more information on JSON serialization, please read the "
                f"docstring for cirq.protocols.SupportsJSON. If this object or "
                f"class is not appropriate for serialization, add its name to "
                f"the `should_not_be_serialized` list in the TestSpec defined in the "
                f"{rel_path}/spec.py source file."
            )
E           Failed: Hello intrepid developer. There is a new public or serializable object named 'IonQException' in the module 'cirq_ionq' that does not have associated test data.
E
E           You must create the file
E               cirq-ionq/cirq_ionq/json_test_data/IonQException.json
E           and the file
E               cirq-ionq/cirq_ionq/json_test_data/IonQException.repr
E           in order to guarantee this public object is, and will remain, serializable.
E
E           The content of the .repr file should be the string returned by `repr(obj)` where `obj` is a test IonQException value or list of such values. To get this to work you may need to implement a __repr__ method for IonQException. The repr must be a parsable python expression that evaluates to something equal to `obj`.
E           The content of the .json file should be the string returned by `cirq.to_json(obj)` where `obj` is the same object or list of test objects.
E           To get this to work you likely need to add IonQException to the `_class_resolver_dictionary` method in the cirq_ionq/json_resolver_cache.py source file. You may also need to add a _json_dict_ method to IonQException. In some cases you will also need to add a _from_json_dict_ class method to the IonQException class.
E           For more information on JSON serialization, please read the docstring for cirq.protocols.SupportsJSON. If this object or class is not appropriate for serialization, add its name to the `should_not_be_serialized` list in the TestSpec defined in the cirq-ionq/cirq_ionq/json_test_data/spec.py source file.

cirq-core/cirq/protocols/json_serialization_test.py:462: Failed
_ test_type_serialization[mod_spec158-SparseSimulatorStep-SparseSimulatorStep] _
[gw2] linux -- Python 3.12.11 /home/jules/.pyenv/versions/3.12.11/bin/python3.12

mod_spec = cirq, cirq_obj_name = 'SparseSimulatorStep'
cls = <class 'cirq.sim.sparse_simulator.SparseSimulatorStep'>

    @pytest.mark.parametrize('mod_spec,cirq_obj_name,cls', _list_public_classes_for_tested_modules())
    def test_type_serialization(mod_spec: ModuleJsonTestSpec, cirq_obj_name: str, cls) -> None:
        if cirq_obj_name in mod_spec.tested_elsewhere:
            pytest.skip("Tested elsewhere.")

        if cirq_obj_name in mod_spec.not_yet_serializable:
            pytest.xfail(reason="Not serializable (yet)")

        if cls is None:
            pytest.skip(f'No serialization for None-mapped type: {cirq_obj_name}')  # pragma: no cover

        try:
            typename = cirq.json_cirq_type(cls)
        except ValueError as e:
            pytest.skip(f'No serialization for non-Cirq type: {str(e)}')

        def custom_resolver(name):
            if name == 'SerializableTypeObject':
                return SerializableTypeObject

        sto = SerializableTypeObject(cls)
        test_resolvers = [custom_resolver] + cirq.DEFAULT_RESOLVERS
        expected_json = f'{{\n  "cirq_type": "SerializableTypeObject",\n  "test_type": "{typename}"\n}}'
        assert cirq.to_json(sto) == expected_json
>       assert cirq.read_json(json_text=expected_json, resolvers=test_resolvers) == sto
               ^^^^^^^^^^^^^^^^^^^^^^^^^^^^^^^^^^^^^^^^^^^^^^^^^^^^^^^^^^^^^^^^^

cirq-core/cirq/protocols/json_serialization_test.py:555:
_ _ _ _ _ _ _ _ _ _ _ _ _ _ _ _ _ _ _ _ _ _ _ _ _ _ _ _ _ _ _ _ _ _ _ _ _ _ _ _
cirq-core/cirq/protocols/json_serialization.py:554: in read_json
    return json.loads(json_text, object_hook=obj_hook)
           ^^^^^^^^^^^^^^^^^^^^^^^^^^^^^^^^^^^^^^^^^^^
/home/jules/.pyenv/versions/3.12.11/lib/python3.12/json/__init__.py:359: in loads
    return cls(**kw).decode(s)
           ^^^^^^^^^^^^^^^^^^^
/home/jules/.pyenv/versions/3.12.11/lib/python3.12/json/decoder.py:338: in decode
    obj, end = self.raw_decode(s, idx=_w(s, 0).end())
               ^^^^^^^^^^^^^^^^^^^^^^^^^^^^^^^^^^^^^^
/home/jules/.pyenv/versions/3.12.11/lib/python3.12/json/decoder.py:354: in raw_decode
    obj, end = self.scan_once(s, idx)
               ^^^^^^^^^^^^^^^^^^^^^^
cirq-core/cirq/protocols/json_serialization.py:355: in __call__
    return from_json_dict(**d)
           ^^^^^^^^^^^^^^^^^^^
cirq-core/cirq/protocols/json_serialization_test.py:528: in _from_json_dict_
    return cls(json_serialization.cirq_type_from_json(test_type))
               ^^^^^^^^^^^^^^^^^^^^^^^^^^^^^^^^^^^^^^^^^^^^^^^^^
cirq-core/cirq/protocols/json_serialization.py:453: in cirq_type_from_json
    cirq_type = factory_from_json(type_str, resolvers)
                ^^^^^^^^^^^^^^^^^^^^^^^^^^^^^^^^^^^^^^
_ _ _ _ _ _ _ _ _ _ _ _ _ _ _ _ _ _ _ _ _ _ _ _ _ _ _ _ _ _ _ _ _ _ _ _ _ _ _ _

type_str = 'SparseSimulatorStep'
resolvers = [<function _lazy_resolver.<locals>.json_resolver at 0x7fbca88d6de0>, <function _lazy_resolver.<locals>.json_resolver a...resolver.<locals>.json_resolver at 0x7fbc88377420>, <function _lazy_resolver.<locals>.json_resolver at 0x7fbc89453c40>]

    def factory_from_json(
        type_str: str, resolvers: Sequence[JsonResolver] | None = None
    ) -> ObjectFactory:
        """Returns a factory for constructing objects of type `type_str`.

        DEFAULT_RESOLVERS is updated dynamically as cirq submodules are imported.

        Args:
            type_str: string representation of the type to deserialize.
            resolvers: list of JsonResolvers to use in type resolution. If this is
                left blank, DEFAULT_RESOLVERS will be used.

        Returns:
            An ObjectFactory that can be called to construct an object whose type
            matches the name `type_str`.

        Raises:
            ValueError: if type_str does not have a match in `resolvers`.
        """
        resolvers = resolvers if resolvers is not None else DEFAULT_RESOLVERS
        for resolver in resolvers:
            cirq_type = resolver(type_str)
            if cirq_type is not None:
                return cirq_type
>       raise ValueError(f"Could not resolve type '{type_str}' during deserialization")
E       ValueError: Could not resolve type 'SparseSimulatorStep' during deserialization

cirq-core/cirq/protocols/json_serialization.py:431: ValueError
_ test_type_serialization[mod_spec87-LinearCombinationOfOperations-LinearCombinationOfOperations] _
[gw2] linux -- Python 3.12.11 /home/jules/.pyenv/versions/3.12.11/bin/python3.12

mod_spec = cirq, cirq_obj_name = 'LinearCombinationOfOperations'
cls = <class 'cirq.ops.linear_combinations.LinearCombinationOfOperations'>

    @pytest.mark.parametrize('mod_spec,cirq_obj_name,cls', _list_public_classes_for_tested_modules())
    def test_type_serialization(mod_spec: ModuleJsonTestSpec, cirq_obj_name: str, cls) -> None:
        if cirq_obj_name in mod_spec.tested_elsewhere:
            pytest.skip("Tested elsewhere.")

        if cirq_obj_name in mod_spec.not_yet_serializable:
            pytest.xfail(reason="Not serializable (yet)")

        if cls is None:
            pytest.skip(f'No serialization for None-mapped type: {cirq_obj_name}')  # pragma: no cover

        try:
            typename = cirq.json_cirq_type(cls)
        except ValueError as e:
            pytest.skip(f'No serialization for non-Cirq type: {str(e)}')

        def custom_resolver(name):
            if name == 'SerializableTypeObject':
                return SerializableTypeObject

        sto = SerializableTypeObject(cls)
        test_resolvers = [custom_resolver] + cirq.DEFAULT_RESOLVERS
        expected_json = f'{{\n  "cirq_type": "SerializableTypeObject",\n  "test_type": "{typename}"\n}}'
        assert cirq.to_json(sto) == expected_json
>       assert cirq.read_json(json_text=expected_json, resolvers=test_resolvers) == sto
               ^^^^^^^^^^^^^^^^^^^^^^^^^^^^^^^^^^^^^^^^^^^^^^^^^^^^^^^^^^^^^^^^^

cirq-core/cirq/protocols/json_serialization_test.py:555:
_ _ _ _ _ _ _ _ _ _ _ _ _ _ _ _ _ _ _ _ _ _ _ _ _ _ _ _ _ _ _ _ _ _ _ _ _ _ _ _
cirq-core/cirq/protocols/json_serialization.py:554: in read_json
    return json.loads(json_text, object_hook=obj_hook)
           ^^^^^^^^^^^^^^^^^^^^^^^^^^^^^^^^^^^^^^^^^^^
/home/jules/.pyenv/versions/3.12.11/lib/python3.12/json/__init__.py:359: in loads
    return cls(**kw).decode(s)
           ^^^^^^^^^^^^^^^^^^^
/home/jules/.pyenv/versions/3.12.11/lib/python3.12/json/decoder.py:338: in decode
    obj, end = self.raw_decode(s, idx=_w(s, 0).end())
               ^^^^^^^^^^^^^^^^^^^^^^^^^^^^^^^^^^^^^^
/home/jules/.pyenv/versions/3.12.11/lib/python3.12/json/decoder.py:354: in raw_decode
    obj, end = self.scan_once(s, idx)
               ^^^^^^^^^^^^^^^^^^^^^^
cirq-core/cirq/protocols/json_serialization.py:355: in __call__
    return from_json_dict(**d)
           ^^^^^^^^^^^^^^^^^^^
cirq-core/cirq/protocols/json_serialization_test.py:528: in _from_json_dict_
    return cls(json_serialization.cirq_type_from_json(test_type))
               ^^^^^^^^^^^^^^^^^^^^^^^^^^^^^^^^^^^^^^^^^^^^^^^^^
cirq-core/cirq/protocols/json_serialization.py:453: in cirq_type_from_json
    cirq_type = factory_from_json(type_str, resolvers)
                ^^^^^^^^^^^^^^^^^^^^^^^^^^^^^^^^^^^^^^
_ _ _ _ _ _ _ _ _ _ _ _ _ _ _ _ _ _ _ _ _ _ _ _ _ _ _ _ _ _ _ _ _ _ _ _ _ _ _ _

type_str = 'LinearCombinationOfOperations'
[...]
_ _ _ _ _ _ _ _ _ _ _ _ _ _ _ _ _ _ _ _ _ _ _ _ _ _ _ _ _ _ _ _ _ _ _ _ _ _ _ _
cirq-core/cirq/protocols/json_serialization.py:554: in read_json
    return json.loads(json_text, object_hook=obj_hook)
           ^^^^^^^^^^^^^^^^^^^^^^^^^^^^^^^^^^^^^^^^^^^
/home/jules/.pyenv/versions/3.12.11/lib/python3.12/json/__init__.py:359: in loads
    return cls(**kw).decode(s)
           ^^^^^^^^^^^^^^^^^^^
/home/jules/.pyenv/versions/3.12.11/lib/python3.12/json/decoder.py:338: in decode
    obj, end = self.raw_decode(s, idx=_w(s, 0).end())
               ^^^^^^^^^^^^^^^^^^^^^^^^^^^^^^^^^^^^^^
/home/jules/.pyenv/versions/3.12.11/lib/python3.12/json/decoder.py:354: in raw_decode
    obj, end = self.scan_once(s, idx)
               ^^^^^^^^^^^^^^^^^^^^^^
cirq-core/cirq/protocols/json_serialization.py:355: in __call__
    return from_json_dict(**d)
           ^^^^^^^^^^^^^^^^^^^
cirq-core/cirq/protocols/json_serialization_test.py:528: in _from_json_dict_
    return cls(json_serialization.cirq_type_from_json(test_type))
               ^^^^^^^^^^^^^^^^^^^^^^^^^^^^^^^^^^^^^^^^^^^^^^^^^
cirq-core/cirq/protocols/json_serialization.py:453: in cirq_type_from_json
    cirq_type = factory_from_json(type_str, resolvers)
                ^^^^^^^^^^^^^^^^^^^^^^^^^^^^^^^^^^^^^^
_ _ _ _ _ _ _ _ _ _ _ _ _ _ _ _ _ _ _ _ _ _ _ _ _ _ _ _ _ _ _ _ _ _ _ _ _ _ _ _

type_str = 'Alignment'
resolvers = [<function _lazy_resolver.<locals>.json_resolver at 0x7facd331de40>, <function _lazy_resolver.<locals>.json_resolver a...resolver.<locals>.json_resolver at 0x7facb2e43420>, <function _lazy_resolver.<locals>.json_resolver at 0x7facb3f1fc40>]

    def factory_from_json(
        type_str: str, resolvers: Sequence[JsonResolver] | None = None
    ) -> ObjectFactory:
        """Returns a factory for constructing objects of type `type_str`.

        DEFAULT_RESOLVERS is updated dynamically as cirq submodules are imported.

        Args:
            type_str: string representation of the type to deserialize.
            resolvers: list of JsonResolvers to use in type resolution. If this is
                left blank, DEFAULT_RESOLVERS will be used.

        Returns:
            An ObjectFactory that can be called to construct an object whose type
            matches the name `type_str`.

        Raises:
            ValueError: if type_str does not have a match in `resolvers`.
        """
        resolvers = resolvers if resolvers is not None else DEFAULT_RESOLVERS
        for resolver in resolvers:
            cirq_type = resolver(type_str)
            if cirq_type is not None:
                return cirq_type
>       raise ValueError(f"Could not resolve type '{type_str}' during deserialization")
E       ValueError: Could not resolve type 'Alignment' during deserialization

cirq-core/cirq/protocols/json_serialization.py:431: ValueError
=============================== warnings summary ===============================
cirq-core/cirq/contrib/routing/greedy_test.py: 1 warning
cirq-core/cirq/experiments/xeb_fitting_test.py: 8 warnings
cirq-core/cirq/experiments/xeb_simulation_test.py: 8 warnings
  /home/jules/.pyenv/versions/3.12.11/lib/python3.12/multiprocessing/popen_fork.py:66: DeprecationWarning: This process (pid=22717) is multi-threaded, use of fork() may lead to deadlocks in the child.
    self.pid = os.fork()

cirq-core/cirq/sim/state_vector_simulator_test.py::test_state_vector_trial_result_equality
  /app/cirq-core/cirq/sim/state_vector_simulator.py:134: UserWarning: final state vector's norm=np.float32(0.0) is too far from 1, 1.0 > 0.0003452669770922512.skipping renormalization
    warnings.warn(

cirq-core/cirq/work/observable_measurement_data_test.py::test_bitstring_accumulator_errors
  /home/jules/.pyenv/versions/3.12.11/lib/python3.12/site-packages/numpy/_core/fromnumeric.py:4268: RuntimeWarning: Degrees of freedom <= 0 for slice
    return _methods._var(a, axis=axis, dtype=dtype, out=out, ddof=ddof,

cirq-core/cirq/work/observable_measurement_data_test.py::test_bitstring_accumulator_errors
  /home/jules/.pyenv/versions/3.12.11/lib/python3.12/site-packages/numpy/_core/_methods.py:214: RuntimeWarning: invalid value encountered in scalar divide
    ret = ret.dtype.type(ret / rcount)

cirq-core/cirq/ops/controlled_gate_test.py::test_controlled_gate_is_consistent[gate16-False]
cirq-core/cirq/ops/dense_pauli_string_test.py::test_protocols
cirq-core/cirq/ops/global_phase_op_test.py::test_protocols
  /app/cirq-core/cirq/study/resolver.py:172: RuntimeWarning: divide by zero encountered in float_power
    return np.float_power(cast(complex, base), cast(complex, exponent))

cirq-core/cirq/experiments/z_phase_calibration_test.py: 64 warnings
  /home/jules/.pyenv/versions/3.12.11/lib/python3.12/multiprocessing/popen_fork.py:66: DeprecationWarning: This process (pid=22723) is multi-threaded, use of fork() may lead to deadlocks in the child.
    self.pid = os.fork()

cirq-core/cirq/experiments/single_qubit_readout_calibration_test.py::test_estimate_parallel_readout_errors_no_noise
  /app/cirq-core/cirq/vis/histogram.py:122: UserWarning: Data has no positive values, and therefore cannot be log-scaled.
    set_semilog()

cirq-core/cirq/experiments/single_qubit_readout_calibration_test.py::test_estimate_parallel_readout_errors_no_noise
  /app/cirq-core/cirq/vis/histogram.py:123: UserWarning: Data has no positive values, and therefore cannot be log-scaled.
    set_lim(0, 1)

cirq-core/cirq/experiments/z_phase_calibration_test.py::test_calibrate_z_phases_workflow_no_options[angles2-error2]
cirq-core/cirq/experiments/z_phase_calibration_test.py::test_calibrate_z_phases_workflow_no_options[angles1-error1]
  /app/cirq-core/cirq/experiments/xeb_fitting.py:658: OptimizeWarning: Covariance of the parameters could not be estimated
    (a, layer_fid), pcov = optimize.curve_fit(

cirq-core/cirq/experiments/qubit_characterizations_test.py::test_parallel_single_qubit_randomized_benchmarking_with_noise
  /app/cirq-core/cirq/experiments/qubit_characterizations_test.py:148: DeprecationWarning: parallel_single_qubit_randomized_benchmarking was used but is deprecated.
  It will be removed in cirq v2.0.
  please use parallel_single_qubit_rb instead

    results = parallel_single_qubit_randomized_benchmarking(

cirq-core/cirq/experiments/qubit_characterizations_test.py::test_parallel_single_qubit_randomized_benchmarking_with_noise
cirq-core/cirq/experiments/qubit_characterizations_test.py::test_parallel_single_qubit_parallel_single_qubit_randomized_benchmarking
  /app/cirq-core/cirq/experiments/qubit_characterizations.py:157: OptimizeWarning: Covariance of the parameters could not be estimated
    return curve_fit(

cirq-core/cirq/experiments/qubit_characterizations_test.py::test_single_qubit_randomized_benchmarking
  /app/cirq-core/cirq/experiments/qubit_characterizations_test.py:117: DeprecationWarning: single_qubit_randomized_benchmarking was used but is deprecated.
  It will be removed in cirq v2.0.
  please use single_qubit_rb instead

    results = single_qubit_randomized_benchmarking(simulator, qubit, num_clifford_range=num_cfds)

cirq-core/cirq/experiments/qubit_characterizations_test.py::test_parallel_single_qubit_parallel_single_qubit_randomized_benchmarking
  /app/cirq-core/cirq/experiments/qubit_characterizations_test.py:130: DeprecationWarning: parallel_single_qubit_randomized_benchmarking was used but is deprecated.
  It will be removed in cirq v2.0.
  please use parallel_single_qubit_rb instead

    results = parallel_single_qubit_randomized_benchmarking(

cirq-core/cirq/experiments/t1_decay_experiment_test.py::test_curve_fit_plot_works
  /app/cirq-core/cirq/experiments/t1_decay_experiment.py:145: RuntimeWarning: Optimal parameters could not be found for curve fit
    warnings.warn("Optimal parameters could not be found for curve fit", RuntimeWarning)

cirq-core/cirq/experiments/t1_decay_experiment_test.py::test_plot_does_not_raise_error
cirq-core/cirq/experiments/t1_decay_experiment_test.py::test_plot_does_not_raise_error
  /app/cirq-core/cirq/experiments/t1_decay_experiment.py:141: OptimizeWarning: Covariance of the parameters could not be estimated
    self.popt, _ = optimize.curve_fit(exp_decay, xs, probs, p0=[t1_guess, 1.0, 0.0])

cirq-core/cirq/circuits/qasm_output_test.py::test_qasm_global_pahse
  /app/cirq-core/cirq/ops/gate_operation.py:351: UserWarning: OpenQASM 2.0 does not support global phase.Since the global phase does not affect the measurement results, the conversion to QASM is disregarded.
    warnings.warn(

-- Docs: https://docs.pytest.org/en/stable/how-to/capture-warnings.html
=========================== short test summary info ============================
FAILED cirq-core/cirq/protocols/json_serialization_test.py::test_json_test_data_coverage[mod_spec72-InsertStrategy-InsertStrategy]
FAILED cirq-core/cirq/protocols/json_serialization_test.py::test_json_test_data_coverage[mod_spec116-PauliSumExponential-PauliSumExponential]
FAILED cirq-core/cirq/protocols/json_serialization_test.py::test_type_serialization[mod_spec72-InsertStrategy-InsertStrategy]
FAILED cirq-core/cirq/protocols/json_serialization_test.py::test_json_test_data_coverage[mod_spec29-CircuitDiagramInfoArgs-CircuitDiagramInfoArgs]
FAILED cirq-core/cirq/protocols/json_serialization_test.py::test_json_test_data_coverage[mod_spec5-AxisAngleDecomposition-AxisAngleDecomposition]
FAILED cirq-core/cirq/protocols/json_serialization_test.py::test_type_serialization[mod_spec281-IonQSerializerMixedGatesetsException-IonQSerializerMixedGatesetsException]
FAILED cirq-core/cirq/protocols/json_serialization_test.py::test_type_serialization[mod_spec274-Calibration-Calibration]
FAILED cirq-core/cirq/protocols/json_serialization_test.py::test_json_test_data_coverage[mod_spec0-Alignment-Alignment]
FAILED cirq-core/cirq/protocols/json_serialization_test.py::test_type_serialization[mod_spec280-IonQNotFoundException-IonQNotFoundException]
FAILED cirq-core/cirq/protocols/json_serialization_test.py::test_type_serialization[mod_spec171-TextDiagramDrawer-TextDiagramDrawer]
FAILED cirq-core/cirq/protocols/json_serialization_test.py::test_json_test_data_coverage[mod_spec279-IonQException-IonQException]
FAILED cirq-core/cirq/protocols/json_serialization_test.py::test_type_serialization[mod_spec158-SparseSimulatorStep-SparseSimulatorStep]
FAILED cirq-core/cirq/protocols/json_serialization_test.py::test_type_serialization[mod_spec87-LinearCombinationOfOperations-LinearCombinationOfOperations]
FAILED cirq-core/cirq/protocols/json_serialization_test.py::test_type_serialization[mod_spec288-SimulatorResult-SimulatorResult]
FAILED cirq-core/cirq/protocols/json_serialization_test.py::test_json_test_data_coverage[mod_spec137-QubitOrder-QubitOrder]
FAILED cirq-core/cirq/protocols/json_serialization_test.py::test_json_test_data_coverage[mod_spec44-DensityMatrixSimulator-DensityMatrixSimulator]
FAILED cirq-core/cirq/protocols/json_serialization_test.py::test_type_serialization[mod_spec137-QubitOrder-QubitOrder]
FAILED cirq-core/cirq/protocols/json_serialization_test.py::test_type_serialization[mod_spec46-DensityMatrixTrialResult-DensityMatrixTrialResult]
FAILED cirq-core/cirq/protocols/json_serialization_test.py::test_json_test_data_coverage[mod_spec246-Sycamore23-GridDevice]
FAILED cirq-core/cirq/protocols/json_serialization_test.py::test_type_serialization[mod_spec28-CircuitDiagramInfo-CircuitDiagramInfo]
FAILED cirq-core/cirq/protocols/json_serialization_test.py::test_json_test_data_coverage[mod_spec171-TextDiagramDrawer-TextDiagramDrawer]
FAILED cirq-core/cirq/protocols/json_serialization_test.py::test_json_test_data_coverage[mod_spec45-DensityMatrixStepResult-DensityMatrixStepResult]
FAILED cirq-core/cirq/protocols/json_serialization_test.py::test_type_serialization[mod_spec286-QPUResult-QPUResult]
FAILED cirq-core/cirq/protocols/json_serialization_test.py::test_type_serialization[mod_spec163-StateVectorTrialResult-StateVectorTrialResult]
FAILED cirq-core/cirq/protocols/json_serialization_test.py::test_json_test_data_coverage[mod_spec117-PeriodicValue-PeriodicValue]
FAILED cirq-core/cirq/protocols/json_serialization_test.py::test_json_test_data_coverage[mod_spec278-IonQAPIDevice-IonQAPIDevice]
FAILED cirq-core/cirq/protocols/json_serialization_test.py::test_type_serialization[mod_spec153-SimulationTrialResult-SimulationTrialResult]
FAILED cirq-core/cirq/protocols/json_serialization_test.py::test_json_test_data_coverage[mod_spec46-DensityMatrixTrialResult-DensityMatrixTrialResult]
FAILED cirq-core/cirq/protocols/json_serialization_test.py::test_type_serialization[mod_spec38-CliffordTrialResult-CliffordTrialResult]
FAILED cirq-core/cirq/protocols/json_serialization_test.py::test_json_test_data_coverage[mod_spec51-ExpressionMap-ExpressionMap]
FAILED cirq-core/cirq/protocols/json_serialization_test.py::test_type_serialization[mod_spec31-CircuitSampleJob-CircuitSampleJob]
FAILED cirq-core/cirq/protocols/json_serialization_test.py::test_type_serialization[mod_spec117-PeriodicValue-PeriodicValue]
FAILED cirq-core/cirq/protocols/json_serialization_test.py::test_json_test_data_coverage[mod_spec125-PointOptimizationSummary-PointOptimizationSummary]
FAILED cirq-core/cirq/protocols/json_serialization_test.py::test_type_serialization[mod_spec51-ExpressionMap-ExpressionMap]
FAILED cirq-core/cirq/protocols/json_serialization_test.py::test_json_test_data_coverage[mod_spec132-QasmArgs-QasmArgs]
FAILED cirq-core/cirq/protocols/json_serialization_test.py::test_json_test_data_coverage[mod_spec115-PauliSumCollector-PauliSumCollector]
FAILED cirq-core/cirq/protocols/json_serialization_test.py::test_json_test_data_coverage[mod_spec284-Job-Job]
FAILED cirq-core/cirq/protocols/json_serialization_test.py::test_type_serialization[mod_spec35-CliffordSimulatorStepResult-CliffordSimulatorStepResult]
FAILED cirq-core/cirq/protocols/json_serialization_test.py::test_type_serialization[mod_spec278-IonQAPIDevice-IonQAPIDevice]
FAILED cirq-core/cirq/protocols/json_serialization_test.py::test_json_test_data_coverage[mod_spec175-Timestamp-Timestamp]
FAILED cirq-core/cirq/protocols/json_serialization_test.py::test_type_serialization[mod_spec132-QasmArgs-QasmArgs]
FAILED cirq-core/cirq/protocols/json_serialization_test.py::test_json_test_data_coverage[mod_spec28-CircuitDiagramInfo-CircuitDiagramInfo]
FAILED cirq-core/cirq/protocols/json_serialization_test.py::test_json_test_data_coverage[mod_spec281-IonQSerializerMixedGatesetsException-IonQSerializerMixedGatesetsException]
FAILED cirq-core/cirq/protocols/json_serialization_test.py::test_json_test_data_coverage[mod_spec162-StateVectorMixin-StateVectorMixin]
FAILED cirq-core/cirq/protocols/json_serialization_test.py::test_json_test_data_coverage[mod_spec158-SparseSimulatorStep-SparseSimulatorStep]
FAILED cirq-core/cirq/protocols/json_serialization_test.py::test_json_test_data_coverage[mod_spec280-IonQNotFoundException-IonQNotFoundException]
FAILED cirq-core/cirq/protocols/json_serialization_test.py::test_type_serialization[mod_spec125-PointOptimizationSummary-PointOptimizationSummary]
FAILED cirq-core/cirq/protocols/json_serialization_test.py::test_json_test_data_coverage[mod_spec80-KakDecomposition-KakDecomposition]
FAILED cirq-core/cirq/protocols/json_serialization_test.py::test_type_serialization[mod_spec44-DensityMatrixSimulator-DensityMatrixSimulator]
FAILED cirq-core/cirq/protocols/json_serialization_test.py::test_type_serialization[mod_spec5-AxisAngleDecomposition-AxisAngleDecomposition]
FAILED cirq-core/cirq/protocols/json_serialization_test.py::test_json_test_data_coverage[mod_spec136-QuantumState-QuantumState]
FAILED cirq-core/cirq/protocols/json_serialization_test.py::test_json_test_data_coverage[mod_spec31-CircuitSampleJob-CircuitSampleJob]
FAILED cirq-core/cirq/protocols/json_serialization_test.py::test_type_serialization[mod_spec29-CircuitDiagramInfoArgs-CircuitDiagramInfoArgs]
FAILED cirq-core/cirq/protocols/json_serialization_test.py::test_type_serialization[mod_spec115-PauliSumCollector-PauliSumCollector]
FAILED cirq-core/cirq/protocols/json_serialization_test.py::test_json_test_data_coverage[mod_spec87-LinearCombinationOfOperations-LinearCombinationOfOperations]
FAILED cirq-core/cirq/protocols/json_serialization_test.py::test_type_serialization[mod_spec175-Timestamp-Timestamp]
FAILED cirq-core/cirq/protocols/json_serialization_test.py::test_json_test_data_coverage[mod_spec133-QasmOutput-QasmOutput]
FAILED cirq-core/cirq/protocols/json_serialization_test.py::test_type_serialization[mod_spec133-QasmOutput-QasmOutput]
FAILED cirq-core/cirq/protocols/json_serialization_test.py::test_json_test_data_coverage[mod_spec288-SimulatorResult-SimulatorResult]
FAILED cirq-core/cirq/protocols/json_serialization_test.py::test_type_serialization[mod_spec179-TwoQubitGateTabulationResult-TwoQubitGateTabulationResult]
FAILED cirq-core/cirq/protocols/json_serialization_test.py::test_json_test_data_coverage[mod_spec86-LinearCombinationOfGates-LinearCombinationOfGates]
FAILED cirq-core/cirq/protocols/json_serialization_test.py::test_type_serialization[mod_spec279-IonQException-IonQException]
FAILED cirq-core/cirq/protocols/json_serialization_test.py::test_json_test_data_coverage[mod_spec283-IonQUnsuccessfulJobException-IonQUnsuccessfulJobException]
FAILED cirq-core/cirq/protocols/json_serialization_test.py::test_json_test_data_coverage[mod_spec153-SimulationTrialResult-SimulationTrialResult]
FAILED cirq-core/cirq/protocols/json_serialization_test.py::test_type_serialization[mod_spec80-KakDecomposition-KakDecomposition]
FAILED cirq-core/cirq/protocols/json_serialization_test.py::test_type_serialization[mod_spec154-SimulationTrialResultBase-SimulationTrialResultBase]
FAILED cirq-core/cirq/protocols/json_serialization_test.py::test_json_test_data_coverage[mod_spec35-CliffordSimulatorStepResult-CliffordSimulatorStepResult]
FAILED cirq-core/cirq/protocols/json_serialization_test.py::test_type_serialization[mod_spec116-PauliSumExponential-PauliSumExponential]
FAILED cirq-core/cirq/protocols/json_serialization_test.py::test_type_serialization[mod_spec45-DensityMatrixStepResult-DensityMatrixStepResult]
FAILED cirq-core/cirq/protocols/json_serialization_test.py::test_type_serialization[mod_spec162-StateVectorMixin-StateVectorMixin]
FAILED cirq-core/cirq/protocols/json_serialization_test.py::test_json_test_data_coverage[mod_spec245-Sycamore-GridDevice]
FAILED cirq-core/cirq/protocols/json_serialization_test.py::test_json_test_data_coverage[mod_spec274-Calibration-Calibration]
FAILED cirq-core/cirq/protocols/json_serialization_test.py::test_json_test_data_coverage[mod_spec154-SimulationTrialResultBase-SimulationTrialResultBase]
FAILED cirq-core/cirq/protocols/json_serialization_test.py::test_type_serialization[mod_spec136-QuantumState-QuantumState]
FAILED cirq-core/cirq/protocols/json_serialization_test.py::test_json_test_data_coverage[mod_spec179-TwoQubitGateTabulationResult-TwoQubitGateTabulationResult]
FAILED cirq-core/cirq/protocols/json_serialization_test.py::test_json_test_data_coverage[mod_spec163-StateVectorTrialResult-StateVectorTrialResult]
FAILED cirq-core/cirq/protocols/json_serialization_test.py::test_json_test_data_coverage[mod_spec38-CliffordTrialResult-CliffordTrialResult]
FAILED cirq-core/cirq/protocols/json_serialization_test.py::test_json_test_data_coverage[mod_spec286-QPUResult-QPUResult]
FAILED cirq-core/cirq/protocols/json_serialization_test.py::test_type_serialization[mod_spec86-LinearCombinationOfGates-LinearCombinationOfGates]
FAILED cirq-core/cirq/protocols/json_serialization_test.py::test_type_serialization[mod_spec284-Job-Job]
FAILED cirq-core/cirq/protocols/json_serialization_test.py::test_type_serialization[mod_spec283-IonQUnsuccessfulJobException-IonQUnsuccessfulJobException]
FAILED cirq-core/cirq/protocols/json_serialization_test.py::test_type_serialization[mod_spec0-Alignment-Alignment]
= 82 failed, 19381 passed, 16 skipped, 8 xpassed, 100 warnings in 352.78s (0:05:52) =
